/Applications/Xcode.app/Contents/Developer/usr/bin/python3: can't open file '/Users/quiznat/Desktop/Tree_of_Thought/phase2/dashboard/server.py': [Errno 1] Operation not permitted
/Applications/Xcode.app/Contents/Developer/usr/bin/python3: can't open file '/Users/quiznat/Desktop/Tree_of_Thought/phase2/dashboard/server.py': [Errno 1] Operation not permitted
/Applications/Xcode.app/Contents/Developer/usr/bin/python3: can't open file '/Users/quiznat/Desktop/Tree_of_Thought/phase2/dashboard/server.py': [Errno 1] Operation not permitted
/Applications/Xcode.app/Contents/Developer/usr/bin/python3: can't open file '/Users/quiznat/Desktop/Tree_of_Thought/phase2/dashboard/server.py': [Errno 1] Operation not permitted
/Applications/Xcode.app/Contents/Developer/usr/bin/python3: can't open file '/Users/quiznat/Desktop/Tree_of_Thought/phase2/dashboard/server.py': [Errno 1] Operation not permitted
/Applications/Xcode.app/Contents/Developer/usr/bin/python3: can't open file '/Users/quiznat/Desktop/Tree_of_Thought/phase2/dashboard/server.py': [Errno 1] Operation not permitted
/Applications/Xcode.app/Contents/Developer/usr/bin/python3: can't open file '/Users/quiznat/Desktop/Tree_of_Thought/phase2/dashboard/server.py': [Errno 1] Operation not permitted
tail: /Users/quiznat/Desktop/Tree_of_Thought/phase2/reproducibility/runtime/dashboard_service.out.log: Operation not permitted
----------------------------------------
Exception occurred during processing of request from ('127.0.0.1', 63350)
Traceback (most recent call last):
  File "/Applications/Xcode.app/Contents/Developer/Library/Frameworks/Python3.framework/Versions/3.9/lib/python3.9/socketserver.py", line 683, in process_request_thread
    self.finish_request(request, client_address)
  File "/Applications/Xcode.app/Contents/Developer/Library/Frameworks/Python3.framework/Versions/3.9/lib/python3.9/socketserver.py", line 360, in finish_request
    self.RequestHandlerClass(request, client_address, self)
  File "/Applications/Xcode.app/Contents/Developer/Library/Frameworks/Python3.framework/Versions/3.9/lib/python3.9/socketserver.py", line 747, in __init__
    self.handle()
  File "/Applications/Xcode.app/Contents/Developer/Library/Frameworks/Python3.framework/Versions/3.9/lib/python3.9/http/server.py", line 434, in handle
    self.handle_one_request()
  File "/Applications/Xcode.app/Contents/Developer/Library/Frameworks/Python3.framework/Versions/3.9/lib/python3.9/http/server.py", line 422, in handle_one_request
    method()
  File "/Users/quiznat/.tot_hf_dashboard/server.py", line 656, in do_GET
    self._send_json(build_overview())
  File "/Users/quiznat/.tot_hf_dashboard/server.py", line 296, in build_overview
    "access": diagnose_access(),
  File "/Users/quiznat/.tot_hf_dashboard/server.py", line 284, in diagnose_access
    "cwd": os.getcwd(),
PermissionError: [Errno 1] Operation not permitted
----------------------------------------
----------------------------------------
Exception occurred during processing of request from ('127.0.0.1', 63388)
Traceback (most recent call last):
  File "/Applications/Xcode.app/Contents/Developer/Library/Frameworks/Python3.framework/Versions/3.9/lib/python3.9/socketserver.py", line 683, in process_request_thread
    self.finish_request(request, client_address)
  File "/Applications/Xcode.app/Contents/Developer/Library/Frameworks/Python3.framework/Versions/3.9/lib/python3.9/socketserver.py", line 360, in finish_request
    self.RequestHandlerClass(request, client_address, self)
  File "/Applications/Xcode.app/Contents/Developer/Library/Frameworks/Python3.framework/Versions/3.9/lib/python3.9/socketserver.py", line 747, in __init__
    self.handle()
  File "/Applications/Xcode.app/Contents/Developer/Library/Frameworks/Python3.framework/Versions/3.9/lib/python3.9/http/server.py", line 434, in handle
    self.handle_one_request()
  File "/Applications/Xcode.app/Contents/Developer/Library/Frameworks/Python3.framework/Versions/3.9/lib/python3.9/http/server.py", line 422, in handle_one_request
    method()
  File "/Users/quiznat/.tot_hf_dashboard/server.py", line 656, in do_GET
    self._send_json(build_overview())
  File "/Users/quiznat/.tot_hf_dashboard/server.py", line 296, in build_overview
    "access": diagnose_access(),
  File "/Users/quiznat/.tot_hf_dashboard/server.py", line 284, in diagnose_access
    "cwd": os.getcwd(),
PermissionError: [Errno 1] Operation not permitted
----------------------------------------
----------------------------------------
Exception occurred during processing of request from ('127.0.0.1', 63409)
Traceback (most recent call last):
  File "/Applications/Xcode.app/Contents/Developer/Library/Frameworks/Python3.framework/Versions/3.9/lib/python3.9/socketserver.py", line 683, in process_request_thread
    self.finish_request(request, client_address)
  File "/Applications/Xcode.app/Contents/Developer/Library/Frameworks/Python3.framework/Versions/3.9/lib/python3.9/socketserver.py", line 360, in finish_request
    self.RequestHandlerClass(request, client_address, self)
  File "/Applications/Xcode.app/Contents/Developer/Library/Frameworks/Python3.framework/Versions/3.9/lib/python3.9/socketserver.py", line 747, in __init__
    self.handle()
  File "/Applications/Xcode.app/Contents/Developer/Library/Frameworks/Python3.framework/Versions/3.9/lib/python3.9/http/server.py", line 434, in handle
    self.handle_one_request()
  File "/Applications/Xcode.app/Contents/Developer/Library/Frameworks/Python3.framework/Versions/3.9/lib/python3.9/http/server.py", line 422, in handle_one_request
    method()
  File "/Users/quiznat/.tot_hf_dashboard/server.py", line 656, in do_GET
    self._send_json(build_overview())
  File "/Users/quiznat/.tot_hf_dashboard/server.py", line 296, in build_overview
    "access": diagnose_access(),
  File "/Users/quiznat/.tot_hf_dashboard/server.py", line 284, in diagnose_access
    "cwd": os.getcwd(),
PermissionError: [Errno 1] Operation not permitted
----------------------------------------
----------------------------------------
Exception occurred during processing of request from ('127.0.0.1', 63479)
Traceback (most recent call last):
  File "/Applications/Xcode.app/Contents/Developer/Library/Frameworks/Python3.framework/Versions/3.9/lib/python3.9/socketserver.py", line 683, in process_request_thread
    self.finish_request(request, client_address)
  File "/Applications/Xcode.app/Contents/Developer/Library/Frameworks/Python3.framework/Versions/3.9/lib/python3.9/socketserver.py", line 360, in finish_request
    self.RequestHandlerClass(request, client_address, self)
  File "/Applications/Xcode.app/Contents/Developer/Library/Frameworks/Python3.framework/Versions/3.9/lib/python3.9/socketserver.py", line 747, in __init__
    self.handle()
  File "/Applications/Xcode.app/Contents/Developer/Library/Frameworks/Python3.framework/Versions/3.9/lib/python3.9/http/server.py", line 434, in handle
    self.handle_one_request()
  File "/Applications/Xcode.app/Contents/Developer/Library/Frameworks/Python3.framework/Versions/3.9/lib/python3.9/http/server.py", line 422, in handle_one_request
    method()
  File "/Users/quiznat/.tot_hf_dashboard/server.py", line 656, in do_GET
    self._send_json(build_overview())
  File "/Users/quiznat/.tot_hf_dashboard/server.py", line 296, in build_overview
    "access": diagnose_access(),
  File "/Users/quiznat/.tot_hf_dashboard/server.py", line 284, in diagnose_access
    "cwd": os.getcwd(),
PermissionError: [Errno 1] Operation not permitted
----------------------------------------
