Fatal Python error: init_import_site: Failed to import the site module
Python runtime state: initialized
Traceback (most recent call last):
  File "<frozen importlib._bootstrap>", line 1176, in _find_and_load
  File "<frozen importlib._bootstrap>", line 1147, in _find_and_load_unlocked
  File "<frozen importlib._bootstrap>", line 690, in _load_unlocked
  File "<frozen importlib._bootstrap>", line 980, in exec_module
  File "<frozen site>", line 626, in <module>
  File "<frozen site>", line 609, in main
  File "<frozen site>", line 527, in venv
PermissionError: [Errno 1] Operation not permitted: '/Users/quiznat/Desktop/Tree_of_Thought/phase2/.venv311/pyvenv.cfg'
Fatal Python error: init_import_site: Failed to import the site module
Python runtime state: initialized
Traceback (most recent call last):
  File "<frozen importlib._bootstrap>", line 1176, in _find_and_load
  File "<frozen importlib._bootstrap>", line 1147, in _find_and_load_unlocked
  File "<frozen importlib._bootstrap>", line 690, in _load_unlocked
  File "<frozen importlib._bootstrap>", line 980, in exec_module
  File "<frozen site>", line 626, in <module>
  File "<frozen site>", line 609, in main
  File "<frozen site>", line 527, in venv
PermissionError: [Errno 1] Operation not permitted: '/Users/quiznat/Desktop/Tree_of_Thought/phase2/.venv311/pyvenv.cfg'
Fatal Python error: init_import_site: Failed to import the site module
Python runtime state: initialized
Traceback (most recent call last):
  File "<frozen importlib._bootstrap>", line 1176, in _find_and_load
  File "<frozen importlib._bootstrap>", line 1147, in _find_and_load_unlocked
  File "<frozen importlib._bootstrap>", line 690, in _load_unlocked
  File "<frozen importlib._bootstrap>", line 980, in exec_module
  File "<frozen site>", line 626, in <module>
  File "<frozen site>", line 609, in main
  File "<frozen site>", line 527, in venv
PermissionError: [Errno 1] Operation not permitted: '/Users/quiznat/Desktop/Tree_of_Thought/phase2/.venv311/pyvenv.cfg'
Fatal Python error: init_import_site: Failed to import the site module
Python runtime state: initialized
Traceback (most recent call last):
  File "<frozen importlib._bootstrap>", line 1176, in _find_and_load
  File "<frozen importlib._bootstrap>", line 1147, in _find_and_load_unlocked
  File "<frozen importlib._bootstrap>", line 690, in _load_unlocked
  File "<frozen importlib._bootstrap>", line 980, in exec_module
  File "<frozen site>", line 626, in <module>
  File "<frozen site>", line 609, in main
  File "<frozen site>", line 527, in venv
PermissionError: [Errno 1] Operation not permitted: '/Users/quiznat/Desktop/Tree_of_Thought/phase2/.venv311/pyvenv.cfg'
Fatal Python error: init_import_site: Failed to import the site module
Python runtime state: initialized
Traceback (most recent call last):
  File "<frozen importlib._bootstrap>", line 1176, in _find_and_load
  File "<frozen importlib._bootstrap>", line 1147, in _find_and_load_unlocked
  File "<frozen importlib._bootstrap>", line 690, in _load_unlocked
  File "<frozen importlib._bootstrap>", line 980, in exec_module
  File "<frozen site>", line 626, in <module>
  File "<frozen site>", line 609, in main
  File "<frozen site>", line 527, in venv
PermissionError: [Errno 1] Operation not permitted: '/Users/quiznat/Desktop/Tree_of_Thought/phase2/.venv311/pyvenv.cfg'
Fatal Python error: init_import_site: Failed to import the site module
Python runtime state: initialized
Traceback (most recent call last):
  File "<frozen importlib._bootstrap>", line 1176, in _find_and_load
  File "<frozen importlib._bootstrap>", line 1147, in _find_and_load_unlocked
  File "<frozen importlib._bootstrap>", line 690, in _load_unlocked
  File "<frozen importlib._bootstrap>", line 980, in exec_module
  File "<frozen site>", line 626, in <module>
  File "<frozen site>", line 609, in main
  File "<frozen site>", line 527, in venv
PermissionError: [Errno 1] Operation not permitted: '/Users/quiznat/Desktop/Tree_of_Thought/phase2/.venv311/pyvenv.cfg'
Fatal Python error: init_import_site: Failed to import the site module
Python runtime state: initialized
Traceback (most recent call last):
  File "<frozen importlib._bootstrap>", line 1176, in _find_and_load
  File "<frozen importlib._bootstrap>", line 1147, in _find_and_load_unlocked
  File "<frozen importlib._bootstrap>", line 690, in _load_unlocked
  File "<frozen importlib._bootstrap>", line 980, in exec_module
  File "<frozen site>", line 626, in <module>
  File "<frozen site>", line 609, in main
  File "<frozen site>", line 527, in venv
PermissionError: [Errno 1] Operation not permitted: '/Users/quiznat/Desktop/Tree_of_Thought/phase2/.venv311/pyvenv.cfg'
Fatal Python error: init_import_site: Failed to import the site module
Python runtime state: initialized
Traceback (most recent call last):
  File "<frozen importlib._bootstrap>", line 1176, in _find_and_load
  File "<frozen importlib._bootstrap>", line 1147, in _find_and_load_unlocked
  File "<frozen importlib._bootstrap>", line 690, in _load_unlocked
  File "<frozen importlib._bootstrap>", line 980, in exec_module
  File "<frozen site>", line 626, in <module>
  File "<frozen site>", line 609, in main
  File "<frozen site>", line 527, in venv
PermissionError: [Errno 1] Operation not permitted: '/Users/quiznat/Desktop/Tree_of_Thought/phase2/.venv311/pyvenv.cfg'
