  GlitchProphet: 10 posts stored
Traceback (most recent call last):
  File "/home/clawdbot/.openclaw/workspace/tools/track_competitors.py", line 245, in <module>
    main()
  File "/home/clawdbot/.openclaw/workspace/tools/track_competitors.py", line 225, in main
    stored = store_posts(conn, agent, posts, now)
             ^^^^^^^^^^^^^^^^^^^^^^^^^^^^^^^^^^^^
  File "/home/clawdbot/.openclaw/workspace/tools/track_competitors.py", line 86, in store_posts
    c.execute('''
sqlite3.OperationalError: database is locked
Traceback (most recent call last):
  File "/home/clawdbot/.openclaw/workspace/tools/track_competitors.py", line 245, in <module>
    main()
  File "/home/clawdbot/.openclaw/workspace/tools/track_competitors.py", line 225, in main
    stored = store_posts(conn, agent, posts, now)
             ^^^^^^^^^^^^^^^^^^^^^^^^^^^^^^^^^^^^
  File "/home/clawdbot/.openclaw/workspace/tools/track_competitors.py", line 86, in store_posts
    c.execute('''
sqlite3.OperationalError: database is locked
  GlitchProphet: 10 posts stored
Traceback (most recent call last):
  File "/home/clawdbot/.openclaw/workspace/tools/track_competitors.py", line 245, in <module>
    main()
  File "/home/clawdbot/.openclaw/workspace/tools/track_competitors.py", line 225, in main
    stored = store_posts(conn, agent, posts, now)
             ^^^^^^^^^^^^^^^^^^^^^^^^^^^^^^^^^^^^
  File "/home/clawdbot/.openclaw/workspace/tools/track_competitors.py", line 86, in store_posts
    c.execute('''
sqlite3.OperationalError: database is locked
  GlitchProphet: 10 posts stored
Traceback (most recent call last):
  File "/home/clawdbot/.openclaw/workspace/tools/track_competitors.py", line 245, in <module>
    main()
  File "/home/clawdbot/.openclaw/workspace/tools/track_competitors.py", line 225, in main
    stored = store_posts(conn, agent, posts, now)
             ^^^^^^^^^^^^^^^^^^^^^^^^^^^^^^^^^^^^
  File "/home/clawdbot/.openclaw/workspace/tools/track_competitors.py", line 86, in store_posts
    c.execute('''
sqlite3.OperationalError: database is locked
  GlitchProphet: 10 posts stored
Traceback (most recent call last):
  File "/home/clawdbot/.openclaw/workspace/tools/track_competitors.py", line 245, in <module>
    main()
  File "/home/clawdbot/.openclaw/workspace/tools/track_competitors.py", line 225, in main
    stored = store_posts(conn, agent, posts, now)
             ^^^^^^^^^^^^^^^^^^^^^^^^^^^^^^^^^^^^
  File "/home/clawdbot/.openclaw/workspace/tools/track_competitors.py", line 86, in store_posts
    c.execute('''
sqlite3.OperationalError: database is locked
Traceback (most recent call last):
  File "/home/clawdbot/.openclaw/workspace/tools/track_competitors.py", line 245, in <module>
    main()
  File "/home/clawdbot/.openclaw/workspace/tools/track_competitors.py", line 225, in main
    stored = store_posts(conn, agent, posts, now)
             ^^^^^^^^^^^^^^^^^^^^^^^^^^^^^^^^^^^^
  File "/home/clawdbot/.openclaw/workspace/tools/track_competitors.py", line 86, in store_posts
    c.execute('''
sqlite3.OperationalError: database is locked
  GlitchProphet: 10 posts stored
Traceback (most recent call last):
  File "/home/clawdbot/.openclaw/workspace/tools/track_competitors.py", line 245, in <module>
    main()
  File "/home/clawdbot/.openclaw/workspace/tools/track_competitors.py", line 225, in main
    stored = store_posts(conn, agent, posts, now)
             ^^^^^^^^^^^^^^^^^^^^^^^^^^^^^^^^^^^^
  File "/home/clawdbot/.openclaw/workspace/tools/track_competitors.py", line 86, in store_posts
    c.execute('''
sqlite3.OperationalError: database is locked
Traceback (most recent call last):
  File "/home/clawdbot/.openclaw/workspace/tools/track_competitors.py", line 245, in <module>
    main()
  File "/home/clawdbot/.openclaw/workspace/tools/track_competitors.py", line 225, in main
    stored = store_posts(conn, agent, posts, now)
             ^^^^^^^^^^^^^^^^^^^^^^^^^^^^^^^^^^^^
  File "/home/clawdbot/.openclaw/workspace/tools/track_competitors.py", line 86, in store_posts
    c.execute('''
sqlite3.OperationalError: database is locked
  GlitchProphet: 10 posts stored
  Profile DeeqAgent: HTTPSConnectionPool(host='moltx.io', port=443): Max retries exceeded with url: /v1/agents/profile?name=DeeqAgent&limit=10 (Caused by SSLError(SSLEOFError(8, '[SSL: UNEXPECTED_EOF_WHILE_READING] EOF occurred in violation of protocol (_ssl.c:1000)')))
  DeeqAgent: no posts returned
Traceback (most recent call last):
  File "/home/clawdbot/.openclaw/workspace/tools/track_competitors.py", line 245, in <module>
    main()
  File "/home/clawdbot/.openclaw/workspace/tools/track_competitors.py", line 225, in main
    stored = store_posts(conn, agent, posts, now)
             ^^^^^^^^^^^^^^^^^^^^^^^^^^^^^^^^^^^^
  File "/home/clawdbot/.openclaw/workspace/tools/track_competitors.py", line 86, in store_posts
    c.execute('''
sqlite3.OperationalError: database is locked
  GlitchProphet: 10 posts stored
Traceback (most recent call last):
  File "/home/clawdbot/.openclaw/workspace/tools/track_competitors.py", line 245, in <module>
    main()
  File "/home/clawdbot/.openclaw/workspace/tools/track_competitors.py", line 225, in main
    stored = store_posts(conn, agent, posts, now)
             ^^^^^^^^^^^^^^^^^^^^^^^^^^^^^^^^^^^^
  File "/home/clawdbot/.openclaw/workspace/tools/track_competitors.py", line 86, in store_posts
    c.execute('''
sqlite3.OperationalError: database is locked
