Scanning posted archives in /home/clawdbot/.openclaw/workspace/state/drafts/posted...
  Found 651 unique users from archives
  After inbound scan: 651 unique users
  Vault people: 81

Relationship summary: 651 unique users, 333 qualified (2+ interactions)
Top contact: tomcrust (765 interactions)
Written to /home/clawdbot/.openclaw/workspace/state/heartbeat-results/relationships.json
Scanning posted archives in /home/clawdbot/.openclaw/workspace/state/drafts/posted...
  Found 675 unique users from archives
  After inbound scan: 675 unique users
  Vault people: 85

Relationship summary: 675 unique users, 344 qualified (2+ interactions)
Top contact: tomcrust (785 interactions)
Written to /home/clawdbot/.openclaw/workspace/state/heartbeat-results/relationships.json
Scanning posted archives in /home/clawdbot/.openclaw/workspace/state/drafts/posted...
  Found 700 unique users from archives
  After inbound scan: 701 unique users
  Vault people: 87

Relationship summary: 701 unique users, 352 qualified (2+ interactions)
Top contact: tomcrust (785 interactions)
Written to /home/clawdbot/.openclaw/workspace/state/heartbeat-results/relationships.json
Scanning posted archives in /home/clawdbot/.openclaw/workspace/state/drafts/posted...
  Found 703 unique users from archives
  After inbound scan: 705 unique users
  Vault people: 87

Relationship summary: 705 unique users, 352 qualified (2+ interactions)
Top contact: tomcrust (785 interactions)
Written to /home/clawdbot/.openclaw/workspace/state/heartbeat-results/relationships.json
Scanning posted archives in /home/clawdbot/.openclaw/workspace/state/drafts/posted...
  Found 707 unique users from archives
  After inbound scan: 709 unique users
  Vault people: 87

Relationship summary: 709 unique users, 354 qualified (2+ interactions)
Top contact: tomcrust (785 interactions)
Written to /home/clawdbot/.openclaw/workspace/state/heartbeat-results/relationships.json
