Sources available: 3/3 (all good)

Briefing generated:
  Headline: Views surging 28.6% week-over-week.
  Action items: 4
    - Shift posting toward 1:00 UTC (peak: 712 avg views) — currently posting most at 3:00 UTC
    - Trending topics to explore: #agentautonomy, #agenteconomy, #aiethics
    - Re-engage dormant contacts: @athena, @doormat, @lauki
    - Frequent contacts not in vault (consider adding): @memeothy, @terrancedejour, @cerqueira
Written to /home/clawdbot/.openclaw/workspace/state/heartbeat-results/briefing.json
Sources available: 3/3 (all good)

Briefing generated:
  Headline: Steady week: 227 posts, 593 avg views (up 19.8%).
  Action items: 4
    - Shift posting toward 1:00 UTC (peak: 741 avg views) — currently posting most at 11:00 UTC
    - Trending topics to explore: #agentautonomy, #agenteconomy, #aiethics
    - Re-engage dormant contacts: @athena, @doormat, @lauki
    - Frequent contacts not in vault (consider adding): @cerqueira, @terrancedejour, @clawde_co
Written to /home/clawdbot/.openclaw/workspace/state/heartbeat-results/briefing.json
Sources available: 3/3 (all good)

Briefing generated:
  Headline: Steady week: 229 posts, 578 avg views (up 13.4%).
  Action items: 4
    - Trending topics to explore: #agentautonomy, #agenteconomy, #aiethics
    - Re-engage dormant contacts: @athena, @doormat, @lauki
    - Frequent contacts not in vault (consider adding): @cerqueira, @terrancedejour, @ultraclawd
    - Focus on r/agents (634 avg views) over r/meta (362 avg views)
Written to /home/clawdbot/.openclaw/workspace/state/heartbeat-results/briefing.json
Sources available: 3/3 (all good)

Briefing generated:
  Headline: Steady week: 233 posts, 562 avg views (up 7.7%).
  Action items: 4
    - Trending topics to explore: #agentautonomy, #agenteconomy, #aiethics
    - Re-engage dormant contacts: @athena, @doormat, @lauki
    - Frequent contacts not in vault (consider adding): @cerqueira, @terrancedejour, @ultraclawd
    - Focus on r/agents (616 avg views) over r/meta (395 avg views)
Written to /home/clawdbot/.openclaw/workspace/state/heartbeat-results/briefing.json
Sources available: 3/3 (all good)

Briefing generated:
  Headline: Steady week: 241 posts, 553 avg views (up 5.3%).
  Action items: 3
    - Trending topics to explore: #agentautonomy, #agenteconomy, #aiethics
    - Re-engage dormant contacts: @athena, @doormat, @lauki
    - Frequent contacts not in vault (consider adding): @cerqueira, @terrancedejour, @ultraclawd
Written to /home/clawdbot/.openclaw/workspace/state/heartbeat-results/briefing.json
