237:Feb 17 04:42:06 openclaw124onubuntu-s-2vcpu-4gb-120gb-intel-nyc3-01 systemd[1]: Stopping clawdbot.service - Clawdbot Gateway Service...
238:Feb 17 04:42:06 openclaw124onubuntu-s-2vcpu-4gb-120gb-intel-nyc3-01 node[769396]: 2026-02-17T04:42:06.584Z [gateway] signal SIGTERM received
239:Feb 17 04:42:06 openclaw124onubuntu-s-2vcpu-4gb-120gb-intel-nyc3-01 node[769396]: 2026-02-17T04:42:06.588Z [gateway] received SIGTERM; shutting down
241:Feb 17 04:42:06 openclaw124onubuntu-s-2vcpu-4gb-120gb-intel-nyc3-01 systemd[1]: clawdbot.service: Deactivated successfully.
242:Feb 17 04:42:06 openclaw124onubuntu-s-2vcpu-4gb-120gb-intel-nyc3-01 systemd[1]: Stopped clawdbot.service - Clawdbot Gateway Service.
243:Feb 17 04:42:06 openclaw124onubuntu-s-2vcpu-4gb-120gb-intel-nyc3-01 systemd[1]: clawdbot.service: Consumed 39min 9.806s CPU time, 1.2G memory peak, 0B memory swap peak.
244:Feb 17 04:42:06 openclaw124onubuntu-s-2vcpu-4gb-120gb-intel-nyc3-01 systemd[1]: Started clawdbot.service - Clawdbot Gateway Service.
246:Feb 17 04:42:37 openclaw124onubuntu-s-2vcpu-4gb-120gb-intel-nyc3-01 node[805892]: 2026-02-17T04:42:37.244Z [heartbeat] started
529:Feb 17 09:18:07 openclaw124onubuntu-s-2vcpu-4gb-120gb-intel-nyc3-01 node[805892]: 2026-02-17T09:18:07.116Z [gateway] signal SIGUSR1 received
530:Feb 17 09:18:07 openclaw124onubuntu-s-2vcpu-4gb-120gb-intel-nyc3-01 node[805892]: 2026-02-17T09:18:07.118Z [gateway] received SIGUSR1; restarting
536:Feb 17 09:18:07 openclaw124onubuntu-s-2vcpu-4gb-120gb-intel-nyc3-01 node[805892]: 2026-02-17T09:18:07.969Z [heartbeat] started
829:Feb 17 15:17:08 openclaw124onubuntu-s-2vcpu-4gb-120gb-intel-nyc3-01 systemd[1]: Stopping clawdbot.service - Clawdbot Gateway Service...
830:Feb 17 15:17:08 openclaw124onubuntu-s-2vcpu-4gb-120gb-intel-nyc3-01 node[805892]: 2026-02-17T15:17:08.533Z [gateway] signal SIGTERM received
831:Feb 17 15:17:08 openclaw124onubuntu-s-2vcpu-4gb-120gb-intel-nyc3-01 node[805892]: 2026-02-17T15:17:08.537Z [gateway] received SIGTERM; shutting down
833:Feb 17 15:17:08 openclaw124onubuntu-s-2vcpu-4gb-120gb-intel-nyc3-01 systemd[1]: clawdbot.service: Deactivated successfully.
834:Feb 17 15:17:08 openclaw124onubuntu-s-2vcpu-4gb-120gb-intel-nyc3-01 systemd[1]: Stopped clawdbot.service - Clawdbot Gateway Service.
835:Feb 17 15:17:08 openclaw124onubuntu-s-2vcpu-4gb-120gb-intel-nyc3-01 systemd[1]: clawdbot.service: Consumed 42min 48.627s CPU time, 1.3G memory peak, 0B memory swap peak.
836:Feb 17 15:17:08 openclaw124onubuntu-s-2vcpu-4gb-120gb-intel-nyc3-01 systemd[1]: Started clawdbot.service - Clawdbot Gateway Service.
838:Feb 17 15:17:37 openclaw124onubuntu-s-2vcpu-4gb-120gb-intel-nyc3-01 node[823807]: 2026-02-17T15:17:37.159Z [heartbeat] started
846:Feb 17 15:18:12 openclaw124onubuntu-s-2vcpu-4gb-120gb-intel-nyc3-01 systemd[1]: Stopping clawdbot.service - Clawdbot Gateway Service...
847:Feb 17 15:18:12 openclaw124onubuntu-s-2vcpu-4gb-120gb-intel-nyc3-01 node[823807]: 2026-02-17T15:18:12.102Z [gateway] signal SIGTERM received
848:Feb 17 15:18:12 openclaw124onubuntu-s-2vcpu-4gb-120gb-intel-nyc3-01 node[823807]: 2026-02-17T15:18:12.104Z [gateway] received SIGTERM; shutting down
850:Feb 17 15:18:13 openclaw124onubuntu-s-2vcpu-4gb-120gb-intel-nyc3-01 systemd[1]: clawdbot.service: Deactivated successfully.
851:Feb 17 15:18:13 openclaw124onubuntu-s-2vcpu-4gb-120gb-intel-nyc3-01 systemd[1]: Stopped clawdbot.service - Clawdbot Gateway Service.
852:Feb 17 15:18:13 openclaw124onubuntu-s-2vcpu-4gb-120gb-intel-nyc3-01 systemd[1]: clawdbot.service: Consumed 38.328s CPU time.
853:Feb 17 15:18:15 openclaw124onubuntu-s-2vcpu-4gb-120gb-intel-nyc3-01 systemd[1]: Started clawdbot.service - Clawdbot Gateway Service.
855:Feb 17 15:18:43 openclaw124onubuntu-s-2vcpu-4gb-120gb-intel-nyc3-01 node[824013]: 2026-02-17T15:18:43.781Z [heartbeat] started
1382:Feb 18 01:20:45 openclaw124onubuntu-s-2vcpu-4gb-120gb-intel-nyc3-01 node[824013]: 2026-02-18T01:20:45.097Z [ws] ⇄ res ✓ sessions.reset 1262ms conn=bd24d732…021d id=e20ebbf0…ae88
1386:Feb 18 01:20:59 openclaw124onubuntu-s-2vcpu-4gb-120gb-intel-nyc3-01 systemd[1]: Stopping clawdbot.service - Clawdbot Gateway Service...
1387:Feb 18 01:20:59 openclaw124onubuntu-s-2vcpu-4gb-120gb-intel-nyc3-01 node[824013]: 2026-02-18T01:20:59.889Z [gateway] signal SIGTERM received
1388:Feb 18 01:20:59 openclaw124onubuntu-s-2vcpu-4gb-120gb-intel-nyc3-01 node[824013]: 2026-02-18T01:20:59.891Z [gateway] received SIGTERM; shutting down
1390:Feb 18 01:21:00 openclaw124onubuntu-s-2vcpu-4gb-120gb-intel-nyc3-01 systemd[1]: clawdbot.service: Deactivated successfully.
1391:Feb 18 01:21:00 openclaw124onubuntu-s-2vcpu-4gb-120gb-intel-nyc3-01 systemd[1]: Stopped clawdbot.service - Clawdbot Gateway Service.
1392:Feb 18 01:21:00 openclaw124onubuntu-s-2vcpu-4gb-120gb-intel-nyc3-01 systemd[1]: clawdbot.service: Consumed 40min 30.692s CPU time, 1.0G memory peak, 0B memory swap peak.
1393:Feb 18 01:21:00 openclaw124onubuntu-s-2vcpu-4gb-120gb-intel-nyc3-01 systemd[1]: Started clawdbot.service - Clawdbot Gateway Service.
1395:Feb 18 01:21:29 openclaw124onubuntu-s-2vcpu-4gb-120gb-intel-nyc3-01 node[839341]: 2026-02-18T01:21:29.616Z [heartbeat] started
1403:Feb 18 01:24:05 openclaw124onubuntu-s-2vcpu-4gb-120gb-intel-nyc3-01 node[839341]: 2026-02-18T01:24:05.110Z [ws] ⇄ res ✓ sessions.reset 1347ms conn=6da3a739…2c4e id=0266fdfd…aeaf
1404:Feb 18 01:26:08 openclaw124onubuntu-s-2vcpu-4gb-120gb-intel-nyc3-01 systemd[1]: Stopping clawdbot.service - Clawdbot Gateway Service...
1405:Feb 18 01:26:08 openclaw124onubuntu-s-2vcpu-4gb-120gb-intel-nyc3-01 node[839341]: 2026-02-18T01:26:08.810Z [gateway] signal SIGTERM received
1406:Feb 18 01:26:08 openclaw124onubuntu-s-2vcpu-4gb-120gb-intel-nyc3-01 node[839341]: 2026-02-18T01:26:08.813Z [gateway] received SIGTERM; shutting down
1408:Feb 18 01:26:09 openclaw124onubuntu-s-2vcpu-4gb-120gb-intel-nyc3-01 systemd[1]: clawdbot.service: Deactivated successfully.
1409:Feb 18 01:26:09 openclaw124onubuntu-s-2vcpu-4gb-120gb-intel-nyc3-01 systemd[1]: Stopped clawdbot.service - Clawdbot Gateway Service.
1410:Feb 18 01:26:09 openclaw124onubuntu-s-2vcpu-4gb-120gb-intel-nyc3-01 systemd[1]: clawdbot.service: Consumed 55.007s CPU time, 1.2G memory peak, 0B memory swap peak.
1411:Feb 18 01:26:09 openclaw124onubuntu-s-2vcpu-4gb-120gb-intel-nyc3-01 systemd[1]: Started clawdbot.service - Clawdbot Gateway Service.
1413:Feb 18 01:26:38 openclaw124onubuntu-s-2vcpu-4gb-120gb-intel-nyc3-01 node[839959]: 2026-02-18T01:26:38.771Z [heartbeat] started
1432:Feb 18 01:27:53 openclaw124onubuntu-s-2vcpu-4gb-120gb-intel-nyc3-01 systemd[1]: Stopping clawdbot.service - Clawdbot Gateway Service...
1433:Feb 18 01:27:53 openclaw124onubuntu-s-2vcpu-4gb-120gb-intel-nyc3-01 node[839959]: 2026-02-18T01:27:53.564Z [gateway] signal SIGTERM received
1434:Feb 18 01:27:53 openclaw124onubuntu-s-2vcpu-4gb-120gb-intel-nyc3-01 node[839959]: 2026-02-18T01:27:53.566Z [gateway] received SIGTERM; shutting down
1436:Feb 18 01:27:54 openclaw124onubuntu-s-2vcpu-4gb-120gb-intel-nyc3-01 systemd[1]: clawdbot.service: Deactivated successfully.
1437:Feb 18 01:27:54 openclaw124onubuntu-s-2vcpu-4gb-120gb-intel-nyc3-01 systemd[1]: Stopped clawdbot.service - Clawdbot Gateway Service.
1438:Feb 18 01:27:54 openclaw124onubuntu-s-2vcpu-4gb-120gb-intel-nyc3-01 systemd[1]: clawdbot.service: Consumed 46.143s CPU time, 959.1M memory peak, 0B memory swap peak.
1439:Feb 18 01:27:54 openclaw124onubuntu-s-2vcpu-4gb-120gb-intel-nyc3-01 systemd[1]: Started clawdbot.service - Clawdbot Gateway Service.
1441:Feb 18 01:28:22 openclaw124onubuntu-s-2vcpu-4gb-120gb-intel-nyc3-01 node[840337]: 2026-02-18T01:28:22.824Z [heartbeat] started
1566:Feb 18 03:06:08 openclaw124onubuntu-s-2vcpu-4gb-120gb-intel-nyc3-01 systemd[1]: Stopping clawdbot.service - Clawdbot Gateway Service...
1567:Feb 18 03:06:08 openclaw124onubuntu-s-2vcpu-4gb-120gb-intel-nyc3-01 node[840337]: 2026-02-18T03:06:08.537Z [gateway] signal SIGTERM received
1568:Feb 18 03:06:08 openclaw124onubuntu-s-2vcpu-4gb-120gb-intel-nyc3-01 node[840337]: 2026-02-18T03:06:08.539Z [gateway] received SIGTERM; shutting down
1570:Feb 18 03:06:09 openclaw124onubuntu-s-2vcpu-4gb-120gb-intel-nyc3-01 systemd[1]: clawdbot.service: Deactivated successfully.
1571:Feb 18 03:06:09 openclaw124onubuntu-s-2vcpu-4gb-120gb-intel-nyc3-01 systemd[1]: Stopped clawdbot.service - Clawdbot Gateway Service.
1572:Feb 18 03:06:09 openclaw124onubuntu-s-2vcpu-4gb-120gb-intel-nyc3-01 systemd[1]: clawdbot.service: Consumed 7min 4.197s CPU time, 1.1G memory peak, 0B memory swap peak.
1573:Feb 18 03:06:09 openclaw124onubuntu-s-2vcpu-4gb-120gb-intel-nyc3-01 systemd[1]: Started clawdbot.service - Clawdbot Gateway Service.
1575:Feb 18 03:06:40 openclaw124onubuntu-s-2vcpu-4gb-120gb-intel-nyc3-01 node[848388]: 2026-02-18T03:06:40.051Z [heartbeat] started
1585:Feb 18 03:09:07 openclaw124onubuntu-s-2vcpu-4gb-120gb-intel-nyc3-01 systemd[1]: Stopping clawdbot.service - Clawdbot Gateway Service...
1586:Feb 18 03:09:07 openclaw124onubuntu-s-2vcpu-4gb-120gb-intel-nyc3-01 node[848388]: 2026-02-18T03:09:07.268Z [gateway] signal SIGTERM received
1587:Feb 18 03:09:07 openclaw124onubuntu-s-2vcpu-4gb-120gb-intel-nyc3-01 node[848388]: 2026-02-18T03:09:07.271Z [gateway] received SIGTERM; shutting down
1589:Feb 18 03:09:07 openclaw124onubuntu-s-2vcpu-4gb-120gb-intel-nyc3-01 systemd[1]: clawdbot.service: Deactivated successfully.
1590:Feb 18 03:09:07 openclaw124onubuntu-s-2vcpu-4gb-120gb-intel-nyc3-01 systemd[1]: Stopped clawdbot.service - Clawdbot Gateway Service.
1591:Feb 18 03:09:07 openclaw124onubuntu-s-2vcpu-4gb-120gb-intel-nyc3-01 systemd[1]: clawdbot.service: Consumed 44.138s CPU time, 1.1G memory peak, 0B memory swap peak.
1592:Feb 18 03:09:07 openclaw124onubuntu-s-2vcpu-4gb-120gb-intel-nyc3-01 systemd[1]: Started clawdbot.service - Clawdbot Gateway Service.
1594:Feb 18 03:09:40 openclaw124onubuntu-s-2vcpu-4gb-120gb-intel-nyc3-01 node[848882]: 2026-02-18T03:09:40.309Z [heartbeat] started
1604:Feb 18 03:12:34 openclaw124onubuntu-s-2vcpu-4gb-120gb-intel-nyc3-01 systemd[1]: Stopping clawdbot.service - Clawdbot Gateway Service...
1605:Feb 18 03:12:34 openclaw124onubuntu-s-2vcpu-4gb-120gb-intel-nyc3-01 node[848882]: 2026-02-18T03:12:34.476Z [gateway] signal SIGTERM received
1606:Feb 18 03:12:34 openclaw124onubuntu-s-2vcpu-4gb-120gb-intel-nyc3-01 node[848882]: 2026-02-18T03:12:34.478Z [gateway] received SIGTERM; shutting down
1608:Feb 18 03:12:35 openclaw124onubuntu-s-2vcpu-4gb-120gb-intel-nyc3-01 systemd[1]: clawdbot.service: Deactivated successfully.
1609:Feb 18 03:12:35 openclaw124onubuntu-s-2vcpu-4gb-120gb-intel-nyc3-01 systemd[1]: Stopped clawdbot.service - Clawdbot Gateway Service.
1610:Feb 18 03:12:35 openclaw124onubuntu-s-2vcpu-4gb-120gb-intel-nyc3-01 systemd[1]: clawdbot.service: Consumed 48.775s CPU time, 1.2G memory peak, 0B memory swap peak.
1611:Feb 18 03:12:35 openclaw124onubuntu-s-2vcpu-4gb-120gb-intel-nyc3-01 systemd[1]: Started clawdbot.service - Clawdbot Gateway Service.
1613:Feb 18 03:13:06 openclaw124onubuntu-s-2vcpu-4gb-120gb-intel-nyc3-01 node[849353]: 2026-02-18T03:13:06.273Z [heartbeat] started
1641:Feb 18 03:30:15 openclaw124onubuntu-s-2vcpu-4gb-120gb-intel-nyc3-01 systemd[1]: Stopping clawdbot.service - Clawdbot Gateway Service...
1642:Feb 18 03:30:15 openclaw124onubuntu-s-2vcpu-4gb-120gb-intel-nyc3-01 node[849353]: 2026-02-18T03:30:15.402Z [gateway] signal SIGTERM received
1643:Feb 18 03:30:15 openclaw124onubuntu-s-2vcpu-4gb-120gb-intel-nyc3-01 node[849353]: 2026-02-18T03:30:15.405Z [gateway] received SIGTERM; shutting down
1645:Feb 18 03:30:16 openclaw124onubuntu-s-2vcpu-4gb-120gb-intel-nyc3-01 systemd[1]: clawdbot.service: Deactivated successfully.
1646:Feb 18 03:30:16 openclaw124onubuntu-s-2vcpu-4gb-120gb-intel-nyc3-01 systemd[1]: Stopped clawdbot.service - Clawdbot Gateway Service.
1647:Feb 18 03:30:16 openclaw124onubuntu-s-2vcpu-4gb-120gb-intel-nyc3-01 systemd[1]: clawdbot.service: Consumed 3min 7.066s CPU time, 947.5M memory peak, 0B memory swap peak.
1648:Feb 18 03:30:16 openclaw124onubuntu-s-2vcpu-4gb-120gb-intel-nyc3-01 systemd[1]: Started clawdbot.service - Clawdbot Gateway Service.
1650:Feb 18 03:30:48 openclaw124onubuntu-s-2vcpu-4gb-120gb-intel-nyc3-01 node[850758]: 2026-02-18T03:30:48.587Z [heartbeat] started
1845:Feb 18 06:24:35 openclaw124onubuntu-s-2vcpu-4gb-120gb-intel-nyc3-01 node[850758]: 2026-02-18T06:24:35.793Z [ws] ⇄ res ✓ sessions.reset 1312ms conn=c678cb02…e87c id=500d1ae2…e489
2319:Feb 18 16:22:25 openclaw124onubuntu-s-2vcpu-4gb-120gb-intel-nyc3-01 node[850758]: 2026-02-18T16:22:25.456Z [ws] ⇄ res ✓ sessions.reset 1369ms conn=d09b931c…6aca id=62da86a0…b468
2320:Feb 18 16:24:45 openclaw124onubuntu-s-2vcpu-4gb-120gb-intel-nyc3-01 systemd[1]: Stopping clawdbot.service - Clawdbot Gateway Service...
2321:Feb 18 16:24:45 openclaw124onubuntu-s-2vcpu-4gb-120gb-intel-nyc3-01 node[850758]: 2026-02-18T16:24:45.323Z [gateway] signal SIGTERM received
2322:Feb 18 16:24:45 openclaw124onubuntu-s-2vcpu-4gb-120gb-intel-nyc3-01 node[850758]: 2026-02-18T16:24:45.325Z [gateway] received SIGTERM; shutting down
2324:Feb 18 16:24:46 openclaw124onubuntu-s-2vcpu-4gb-120gb-intel-nyc3-01 systemd[1]: clawdbot.service: Deactivated successfully.
2325:Feb 18 16:24:46 openclaw124onubuntu-s-2vcpu-4gb-120gb-intel-nyc3-01 systemd[1]: Stopped clawdbot.service - Clawdbot Gateway Service.
2326:Feb 18 16:24:46 openclaw124onubuntu-s-2vcpu-4gb-120gb-intel-nyc3-01 systemd[1]: clawdbot.service: Consumed 1h 2min 56.081s CPU time, 1.3G memory peak, 0B memory swap peak.
2327:Feb 18 16:24:46 openclaw124onubuntu-s-2vcpu-4gb-120gb-intel-nyc3-01 systemd[1]: Started clawdbot.service - Clawdbot Gateway Service.
2329:Feb 18 16:25:20 openclaw124onubuntu-s-2vcpu-4gb-120gb-intel-nyc3-01 node[873999]: 2026-02-18T16:25:20.809Z [heartbeat] started
3236:Feb 19 05:06:04 openclaw124onubuntu-s-2vcpu-4gb-120gb-intel-nyc3-01 systemd[1]: Stopping clawdbot.service - Clawdbot Gateway Service...
3237:Feb 19 05:06:04 openclaw124onubuntu-s-2vcpu-4gb-120gb-intel-nyc3-01 node[873999]: 2026-02-19T05:06:04.267Z [gateway] signal SIGTERM received
3238:Feb 19 05:06:04 openclaw124onubuntu-s-2vcpu-4gb-120gb-intel-nyc3-01 node[873999]: 2026-02-19T05:06:04.270Z [gateway] received SIGTERM; shutting down
3240:Feb 19 05:06:04 openclaw124onubuntu-s-2vcpu-4gb-120gb-intel-nyc3-01 systemd[1]: clawdbot.service: Deactivated successfully.
3241:Feb 19 05:06:04 openclaw124onubuntu-s-2vcpu-4gb-120gb-intel-nyc3-01 systemd[1]: Stopped clawdbot.service - Clawdbot Gateway Service.
3242:Feb 19 05:06:04 openclaw124onubuntu-s-2vcpu-4gb-120gb-intel-nyc3-01 systemd[1]: clawdbot.service: Consumed 1h 17min 20.825s CPU time, 1.0G memory peak, 0B memory swap peak.
3243:Feb 19 05:06:04 openclaw124onubuntu-s-2vcpu-4gb-120gb-intel-nyc3-01 systemd[1]: Started clawdbot.service - Clawdbot Gateway Service.
3245:Feb 19 05:06:36 openclaw124onubuntu-s-2vcpu-4gb-120gb-intel-nyc3-01 node[917243]: 2026-02-19T05:06:36.516Z [heartbeat] started
3725:Feb 19 12:23:40 openclaw124onubuntu-s-2vcpu-4gb-120gb-intel-nyc3-01 node[917243]: 2026-02-19T12:23:40.922Z [ws] ⇄ res ✓ sessions.reset 1518ms conn=b281600c…b659 id=326027a6…553d
3748:Feb 19 13:54:43 openclaw124onubuntu-s-2vcpu-4gb-120gb-intel-nyc3-01 systemd[1]: Stopping clawdbot.service - Clawdbot Gateway Service...
3749:Feb 19 13:54:43 openclaw124onubuntu-s-2vcpu-4gb-120gb-intel-nyc3-01 node[917243]: 2026-02-19T13:54:43.250Z [gateway] signal SIGTERM received
3750:Feb 19 13:54:43 openclaw124onubuntu-s-2vcpu-4gb-120gb-intel-nyc3-01 node[917243]: 2026-02-19T13:54:43.254Z [gateway] received SIGTERM; shutting down
3752:Feb 19 13:54:44 openclaw124onubuntu-s-2vcpu-4gb-120gb-intel-nyc3-01 systemd[1]: clawdbot.service: Deactivated successfully.
3753:Feb 19 13:54:44 openclaw124onubuntu-s-2vcpu-4gb-120gb-intel-nyc3-01 systemd[1]: Stopped clawdbot.service - Clawdbot Gateway Service.
3754:Feb 19 13:54:44 openclaw124onubuntu-s-2vcpu-4gb-120gb-intel-nyc3-01 systemd[1]: clawdbot.service: Consumed 50min 48.207s CPU time, 1.1G memory peak, 0B memory swap peak.
3755:Feb 19 13:54:44 openclaw124onubuntu-s-2vcpu-4gb-120gb-intel-nyc3-01 systemd[1]: Started clawdbot.service - Clawdbot Gateway Service.
3757:Feb 19 13:55:24 openclaw124onubuntu-s-2vcpu-4gb-120gb-intel-nyc3-01 node[997290]: 2026-02-19T13:55:24.472Z [heartbeat] started
3776:Feb 19 14:02:16 openclaw124onubuntu-s-2vcpu-4gb-120gb-intel-nyc3-01 node[997290]: 2026-02-19T14:02:16.306Z [ws] ⇄ res ✓ sessions.reset 1967ms conn=c03d9878…7285 id=529f9b58…637c
3912:Feb 19 15:12:10 openclaw124onubuntu-s-2vcpu-4gb-120gb-intel-nyc3-01 systemd[1]: Stopping clawdbot.service - Clawdbot Gateway Service...
3913:Feb 19 15:12:10 openclaw124onubuntu-s-2vcpu-4gb-120gb-intel-nyc3-01 node[997290]: 2026-02-19T15:12:10.913Z [gateway] signal SIGTERM received
3914:Feb 19 15:12:10 openclaw124onubuntu-s-2vcpu-4gb-120gb-intel-nyc3-01 node[997290]: 2026-02-19T15:12:10.916Z [gateway] received SIGTERM; shutting down
3916:Feb 19 15:12:11 openclaw124onubuntu-s-2vcpu-4gb-120gb-intel-nyc3-01 systemd[1]: clawdbot.service: Deactivated successfully.
3917:Feb 19 15:12:11 openclaw124onubuntu-s-2vcpu-4gb-120gb-intel-nyc3-01 systemd[1]: Stopped clawdbot.service - Clawdbot Gateway Service.
3918:Feb 19 15:12:11 openclaw124onubuntu-s-2vcpu-4gb-120gb-intel-nyc3-01 systemd[1]: clawdbot.service: Consumed 10min 39.035s CPU time, 1.1G memory peak, 0B memory swap peak.
3919:Feb 19 15:12:11 openclaw124onubuntu-s-2vcpu-4gb-120gb-intel-nyc3-01 systemd[1]: Started clawdbot.service - Clawdbot Gateway Service.
3921:Feb 19 15:12:47 openclaw124onubuntu-s-2vcpu-4gb-120gb-intel-nyc3-01 node[1009614]: 2026-02-19T15:12:47.201Z [heartbeat] started
3977:Feb 19 16:25:09 openclaw124onubuntu-s-2vcpu-4gb-120gb-intel-nyc3-01 systemd[1]: Stopping clawdbot.service - Clawdbot Gateway Service...
3978:Feb 19 16:25:09 openclaw124onubuntu-s-2vcpu-4gb-120gb-intel-nyc3-01 node[1009614]: 2026-02-19T16:25:09.702Z [gateway] signal SIGTERM received
3979:Feb 19 16:25:09 openclaw124onubuntu-s-2vcpu-4gb-120gb-intel-nyc3-01 node[1009614]: 2026-02-19T16:25:09.705Z [gateway] received SIGTERM; shutting down
3981:Feb 19 16:25:10 openclaw124onubuntu-s-2vcpu-4gb-120gb-intel-nyc3-01 systemd[1]: clawdbot.service: Deactivated successfully.
3982:Feb 19 16:25:10 openclaw124onubuntu-s-2vcpu-4gb-120gb-intel-nyc3-01 systemd[1]: Stopped clawdbot.service - Clawdbot Gateway Service.
3983:Feb 19 16:25:10 openclaw124onubuntu-s-2vcpu-4gb-120gb-intel-nyc3-01 systemd[1]: clawdbot.service: Consumed 7min 42.030s CPU time, 1.2G memory peak, 0B memory swap peak.
3984:Feb 19 16:25:10 openclaw124onubuntu-s-2vcpu-4gb-120gb-intel-nyc3-01 systemd[1]: Started clawdbot.service - Clawdbot Gateway Service.
3986:Feb 19 16:25:42 openclaw124onubuntu-s-2vcpu-4gb-120gb-intel-nyc3-01 node[1020210]: 2026-02-19T16:25:42.712Z [heartbeat] started
